<?xml version="1.0" encoding="utf-8"?><testsuites name="pytest tests"><testsuite name="pytest" errors="0" failures="6" skipped="0" tests="27" time="5.674" timestamp="2026-08-07T00:54:02.070463+00:00" hostname="agent-env-b8d1c0f3-accf-4fb5-978b-a0ac7b04c873"><testcase classname="tests.backend_test.TestHealthAndCatalog" name="test_health" time="0.132" /><testcase classname="tests.backend_test.TestHealthAndCatalog" name="test_seeded_products_and_pagination" time="0.102" /><testcase classname="tests.backend_test.TestHealthAndCatalog" name="test_product_filters[params0-club-Arsenal]" time="0.055" /><testcase classname="tests.backend_test.TestHealthAndCatalog" name="test_product_filters[params1-league-Serie A]" time="0.051" /><testcase classname="tests.backend_test.TestHealthAndCatalog" name="test_product_filters[params2-era-1990s]" time="0.049" /><testcase classname="tests.backend_test.TestHealthAndCatalog" name="test_product_filters[params3-is_trending-True]" time="0.050" /><testcase classname="tests.backend_test.TestHealthAndCatalog" name="test_product_search_detail_and_recommendations" time="0.150" /><testcase classname="tests.backend_test.TestAuthentication" name="test_admin_login_shape" time="0.295" /><testcase classname="tests.backend_test.TestAuthentication" name="test_registered_user_otp_flow_and_me" time="1.054" /><testcase classname="tests.backend_test.TestAuthentication" name="test_me_rejects_invalid_token" time="0.048" /><testcase classname="tests.backend_test.TestCoupons" name="test_coupon_validation[payload0-True-20.0-applied]" time="0.050" /><testcase classname="tests.backend_test.TestCoupons" name="test_coupon_validation[payload1-False-0.0-minimum]" time="0.049" /><testcase classname="tests.backend_test.TestCoupons" name="test_coupon_validation[payload2-False-0.0-not found]" time="0.048" /><testcase classname="tests.backend_test.TestCartOrderPayment" name="test_cart_crud" time="0.384" /><testcase classname="tests.backend_test.TestCartOrderPayment" name="test_order_payment_and_updates" time="0.877" /><testcase classname="tests.backend_test.TestAdmin" name="test_product_create_update_soft_delete_and_cache" time="0.413" /><testcase classname="tests.backend_test.TestAdmin" name="test_count_and_time_coupon_create_delete" time="0.337" /><testcase classname="tests.backend_test.TestAdmin" name="test_non_admin_forbidden[get-/api/admin/products-None]" time="0.047" /><testcase classname="tests.backend_test.TestAdmin" name="test_non_admin_forbidden[get-/api/admin/coupons-None]" time="0.044" /><testcase classname="tests.backend_test.TestAdmin" name="test_non_admin_forbidden[get-/api/admin/orders-None]" time="0.044" /><testcase classname="tests.backend_test.TestAdmin" name="test_non_admin_forbidden[post-/api/admin/cache/refresh-None]" time="0.046" /><testcase classname="tests.backend_test.TestInputValidation" name="test_order_rejects_non_positive_quantity[0]" time="0.433"><failure message="AssertionError: {&quot;id&quot;:&quot;0ed7893a5fd14fd5b8f70f8c56533482&quot;,&quot;tracking_id&quot;:&quot;KC-YP1T2R7EDT&quot;,&quot;status&quot;:&quot;pending&quot;,&quot;subtotal&quot;:0.0,&quot;discount&quot;:0.0,&quot;total&quot;:0.0,&quot;coupon_code&quot;:null,&quot;phone&quot;:&quot;+15550123456&quot;,&quot;shipping_address&quot;:{&quot;name&quot;:&quot;TEST Invalid Quantity&quot;},&quot;payment_status&quot;:&quot;pending&quot;,&quot;payment_id&quot;:null,&quot;created_at&quot;:&quot;2026-08-07T00:54:06&quot;,&quot;items&quot;:[{&quot;product_id&quot;:&quot;d917d10827b14c319b847dbcf325a0e3&quot;,&quot;product_name&quot;:&quot;Arsenal 2003-04 Invincibles Home&quot;,&quot;product_image&quot;:&quot;https://images.unsplash.com/photo-1522778119026-d647f0596c20?w=800&quot;,&quot;size&quot;:&quot;M&quot;,&quot;qty&quot;:0,&quot;price_at_purchase&quot;:189.0}]}&#10;assert 200 in (400, 422)&#10; +  where 200 = &lt;Response [200]&gt;.status_code">backend/tests/backend_test.py:471: in test_order_rejects_non_positive_quantity
    assert response.status_code in (400, 422), response.text
E   AssertionError: {"id":"0ed7893a5fd14fd5b8f70f8c56533482","tracking_id":"KC-YP1T2R7EDT","status":"pending","subtotal":0.0,"discount":0.0,"total":0.0,"coupon_code":null,"phone":"+15550123456","shipping_address":{"name":"TEST Invalid Quantity"},"payment_status":"pending","payment_id":null,"created_at":"2026-08-07T00:54:06","items":[{"product_id":"d917d10827b14c319b847dbcf325a0e3","product_name":"Arsenal 2003-04 Invincibles Home","product_image":"https://images.unsplash.com/photo-1522778119026-d647f0596c20?w=800","size":"M","qty":0,"price_at_purchase":189.0}]}
E   assert 200 in (400, 422)
E    +  where 200 = &lt;Response [200]&gt;.status_code</failure></testcase><testcase classname="tests.backend_test.TestInputValidation" name="test_order_rejects_non_positive_quantity[-1]" time="0.438"><failure message="AssertionError: {&quot;id&quot;:&quot;8c48823e594c44b995d5a599ef6b32fa&quot;,&quot;tracking_id&quot;:&quot;KC-NTPKSAMW4G&quot;,&quot;status&quot;:&quot;pending&quot;,&quot;subtotal&quot;:-189.0,&quot;discount&quot;:0.0,&quot;total&quot;:-189.0,&quot;coupon_code&quot;:null,&quot;phone&quot;:&quot;+15550123456&quot;,&quot;shipping_address&quot;:{&quot;name&quot;:&quot;TEST Invalid Quantity&quot;},&quot;payment_status&quot;:&quot;pending&quot;,&quot;payment_id&quot;:null,&quot;created_at&quot;:&quot;2026-08-07T00:54:07&quot;,&quot;items&quot;:[{&quot;product_id&quot;:&quot;d917d10827b14c319b847dbcf325a0e3&quot;,&quot;product_name&quot;:&quot;Arsenal 2003-04 Invincibles Home&quot;,&quot;product_image&quot;:&quot;https://images.unsplash.com/photo-1522778119026-d647f0596c20?w=800&quot;,&quot;size&quot;:&quot;M&quot;,&quot;qty&quot;:-1,&quot;price_at_purchase&quot;:189.0}]}&#10;assert 200 in (400, 422)&#10; +  where 200 = &lt;Response [200]&gt;.status_code">backend/tests/backend_test.py:471: in test_order_rejects_non_positive_quantity
    assert response.status_code in (400, 422), response.text
E   AssertionError: {"id":"8c48823e594c44b995d5a599ef6b32fa","tracking_id":"KC-NTPKSAMW4G","status":"pending","subtotal":-189.0,"discount":0.0,"total":-189.0,"coupon_code":null,"phone":"+15550123456","shipping_address":{"name":"TEST Invalid Quantity"},"payment_status":"pending","payment_id":null,"created_at":"2026-08-07T00:54:07","items":[{"product_id":"d917d10827b14c319b847dbcf325a0e3","product_name":"Arsenal 2003-04 Invincibles Home","product_image":"https://images.unsplash.com/photo-1522778119026-d647f0596c20?w=800","size":"M","qty":-1,"price_at_purchase":189.0}]}
E   assert 200 in (400, 422)
E    +  where 200 = &lt;Response [200]&gt;.status_code</failure></testcase><testcase classname="tests.backend_test.TestInputValidation" name="test_cart_rejects_quantity_above_stock" time="0.179"><failure message="AssertionError: {&quot;items&quot;:[{&quot;product_id&quot;:&quot;d917d10827b14c319b847dbcf325a0e3&quot;,&quot;size&quot;:&quot;M&quot;,&quot;qty&quot;:9,&quot;name&quot;:&quot;Arsenal 2003-04 Invincibles Home&quot;,&quot;image&quot;:&quot;https://images.unsplash.com/photo-1522778119026-d647f0596c20?w=800&quot;,&quot;price&quot;:189.0}],&quot;subtotal&quot;:1701.0}&#10;assert 200 in (400, 422)&#10; +  where 200 = &lt;Response [200]&gt;.status_code">backend/tests/backend_test.py:482: in test_cart_rejects_quantity_above_stock
    assert response.status_code in (400, 422), response.text
E   AssertionError: {"items":[{"product_id":"d917d10827b14c319b847dbcf325a0e3","size":"M","qty":9,"name":"Arsenal 2003-04 Invincibles Home","image":"https://images.unsplash.com/photo-1522778119026-d647f0596c20?w=800","price":189.0}],"subtotal":1701.0}
E   assert 200 in (400, 422)
E    +  where 200 = &lt;Response [200]&gt;.status_code</failure></testcase><testcase classname="tests.backend_test.TestInputValidation" name="test_admin_rejects_negative_product_price" time="0.053"><failure message="AssertionError: {&quot;id&quot;:&quot;b37f03c9b38b4b7fa5aacc72709014ab&quot;,&quot;name&quot;:&quot;TEST Negative Price c924ce6d&quot;,&quot;slug&quot;:&quot;test-negative-price-c924ce6d&quot;,&quot;price&quot;:-10.0,&quot;image&quot;:&quot;&quot;,&quot;images&quot;:[],&quot;description&quot;:&quot;&quot;,&quot;club&quot;:&quot;&quot;,&quot;league&quot;:&quot;&quot;,&quot;era&quot;:&quot;&quot;,&quot;year&quot;:&quot;&quot;,&quot;player&quot;:&quot;&quot;,&quot;tags&quot;:&quot;category:jersey,club:test,color:test&quot;,&quot;stock&quot;:{&quot;M&quot;:1},&quot;rating&quot;:4.9,&quot;reviews_count&quot;:0,&quot;is_active&quot;:true,&quot;is_trending&quot;:false,&quot;historical_campaign&quot;:{}}&#10;assert 200 in (400, 422)&#10; +  where 200 = &lt;Response [200]&gt;.status_code">backend/tests/backend_test.py:503: in test_admin_rejects_negative_product_price
    assert response.status_code in (400, 422), response.text
E   AssertionError: {"id":"b37f03c9b38b4b7fa5aacc72709014ab","name":"TEST Negative Price c924ce6d","slug":"test-negative-price-c924ce6d","price":-10.0,"image":"","images":[],"description":"","club":"","league":"","era":"","year":"","player":"","tags":"category:jersey,club:test,color:test","stock":{"M":1},"rating":4.9,"reviews_count":0,"is_active":true,"is_trending":false,"historical_campaign":{}}
E   assert 200 in (400, 422)
E    +  where 200 = &lt;Response [200]&gt;.status_code</failure></testcase><testcase classname="tests.backend_test.TestInputValidation" name="test_admin_rejects_count_coupon_without_max_uses" time="0.052"><failure message="AssertionError: {&quot;id&quot;:&quot;3fb0c91379644d3e87579b2bfd694f48&quot;,&quot;code&quot;:&quot;TESTNOMAX07BBF5FF&quot;,&quot;discount_type&quot;:&quot;percent&quot;,&quot;discount_value&quot;:10.0,&quot;expiry_type&quot;:&quot;count&quot;,&quot;max_uses&quot;:null,&quot;used_count&quot;:0,&quot;valid_from&quot;:null,&quot;valid_until&quot;:null,&quot;min_order_value&quot;:0.0,&quot;is_active&quot;:true}&#10;assert 200 in (400, 422)&#10; +  where 200 = &lt;Response [200]&gt;.status_code">backend/tests/backend_test.py:527: in test_admin_rejects_count_coupon_without_max_uses
    assert response.status_code in (400, 422), response.text
E   AssertionError: {"id":"3fb0c91379644d3e87579b2bfd694f48","code":"TESTNOMAX07BBF5FF","discount_type":"percent","discount_value":10.0,"expiry_type":"count","max_uses":null,"used_count":0,"valid_from":null,"valid_until":null,"min_order_value":0.0,"is_active":true}
E   assert 200 in (400, 422)
E    +  where 200 = &lt;Response [200]&gt;.status_code</failure></testcase><testcase classname="tests.backend_test.TestInputValidation" name="test_admin_rejects_percent_discount_over_100" time="0.057"><failure message="AssertionError: {&quot;id&quot;:&quot;597ea8575db64ef7b3b5579ea79dbe24&quot;,&quot;code&quot;:&quot;TESTOVERBB23FF58&quot;,&quot;discount_type&quot;:&quot;percent&quot;,&quot;discount_value&quot;:150.0,&quot;expiry_type&quot;:&quot;count&quot;,&quot;max_uses&quot;:5,&quot;used_count&quot;:0,&quot;valid_from&quot;:null,&quot;valid_until&quot;:null,&quot;min_order_value&quot;:0.0,&quot;is_active&quot;:true}&#10;assert 200 in (400, 422)&#10; +  where 200 = &lt;Response [200]&gt;.status_code">backend/tests/backend_test.py:552: in test_admin_rejects_percent_discount_over_100
    assert response.status_code in (400, 422), response.text
E   AssertionError: {"id":"597ea8575db64ef7b3b5579ea79dbe24","code":"TESTOVERBB23FF58","discount_type":"percent","discount_value":150.0,"expiry_type":"count","max_uses":5,"used_count":0,"valid_from":null,"valid_until":null,"min_order_value":0.0,"is_active":true}
E   assert 200 in (400, 422)
E    +  where 200 = &lt;Response [200]&gt;.status_code</failure></testcase></testsuite></testsuites>