<?xml version="1.0" encoding="utf-8"?><testsuites name="pytest tests"><testsuite name="pytest" errors="0" failures="6" skipped="0" tests="6" time="3.392" timestamp="2026-08-07T00:53:36.636049+00:00" hostname="agent-env-b8d1c0f3-accf-4fb5-978b-a0ac7b04c873"><testcase classname="tests.backend_test.TestInputValidation" name="test_order_rejects_non_positive_quantity[0]" time="1.600"><failure message="AssertionError: {&quot;id&quot;:&quot;533c9addbba340408b42fdc566270661&quot;,&quot;tracking_id&quot;:&quot;KC-48JU8Z8C5J&quot;,&quot;status&quot;:&quot;pending&quot;,&quot;subtotal&quot;:0.0,&quot;discount&quot;:0.0,&quot;total&quot;:0.0,&quot;coupon_code&quot;:null,&quot;phone&quot;:&quot;+15550123456&quot;,&quot;shipping_address&quot;:{&quot;name&quot;:&quot;TEST Invalid Quantity&quot;},&quot;payment_status&quot;:&quot;pending&quot;,&quot;payment_id&quot;:null,&quot;created_at&quot;:&quot;2026-08-07T00:53:38&quot;,&quot;items&quot;:[{&quot;product_id&quot;:&quot;d917d10827b14c319b847dbcf325a0e3&quot;,&quot;product_name&quot;:&quot;Arsenal 2003-04 Invincibles Home&quot;,&quot;product_image&quot;:&quot;https://images.unsplash.com/photo-1522778119026-d647f0596c20?w=800&quot;,&quot;size&quot;:&quot;M&quot;,&quot;qty&quot;:0,&quot;price_at_purchase&quot;:189.0}]}&#10;assert 200 in (400, 422)&#10; +  where 200 = &lt;Response [200]&gt;.status_code">backend/tests/backend_test.py:473: in test_order_rejects_non_positive_quantity
    assert response.status_code in (400, 422), response.text
E   AssertionError: {"id":"533c9addbba340408b42fdc566270661","tracking_id":"KC-48JU8Z8C5J","status":"pending","subtotal":0.0,"discount":0.0,"total":0.0,"coupon_code":null,"phone":"+15550123456","shipping_address":{"name":"TEST Invalid Quantity"},"payment_status":"pending","payment_id":null,"created_at":"2026-08-07T00:53:38","items":[{"product_id":"d917d10827b14c319b847dbcf325a0e3","product_name":"Arsenal 2003-04 Invincibles Home","product_image":"https://images.unsplash.com/photo-1522778119026-d647f0596c20?w=800","size":"M","qty":0,"price_at_purchase":189.0}]}
E   assert 200 in (400, 422)
E    +  where 200 = &lt;Response [200]&gt;.status_code</failure></testcase><testcase classname="tests.backend_test.TestInputValidation" name="test_order_rejects_non_positive_quantity[-1]" time="0.434"><failure message="AssertionError: {&quot;id&quot;:&quot;5c85fabc08544159a3aec933703df199&quot;,&quot;tracking_id&quot;:&quot;KC-0YKJ306R8X&quot;,&quot;status&quot;:&quot;pending&quot;,&quot;subtotal&quot;:-189.0,&quot;discount&quot;:0.0,&quot;total&quot;:-189.0,&quot;coupon_code&quot;:null,&quot;phone&quot;:&quot;+15550123456&quot;,&quot;shipping_address&quot;:{&quot;name&quot;:&quot;TEST Invalid Quantity&quot;},&quot;payment_status&quot;:&quot;pending&quot;,&quot;payment_id&quot;:null,&quot;created_at&quot;:&quot;2026-08-07T00:53:38&quot;,&quot;items&quot;:[{&quot;product_id&quot;:&quot;d917d10827b14c319b847dbcf325a0e3&quot;,&quot;product_name&quot;:&quot;Arsenal 2003-04 Invincibles Home&quot;,&quot;product_image&quot;:&quot;https://images.unsplash.com/photo-1522778119026-d647f0596c20?w=800&quot;,&quot;size&quot;:&quot;M&quot;,&quot;qty&quot;:-1,&quot;price_at_purchase&quot;:189.0}]}&#10;assert 200 in (400, 422)&#10; +  where 200 = &lt;Response [200]&gt;.status_code">backend/tests/backend_test.py:473: in test_order_rejects_non_positive_quantity
    assert response.status_code in (400, 422), response.text
E   AssertionError: {"id":"5c85fabc08544159a3aec933703df199","tracking_id":"KC-0YKJ306R8X","status":"pending","subtotal":-189.0,"discount":0.0,"total":-189.0,"coupon_code":null,"phone":"+15550123456","shipping_address":{"name":"TEST Invalid Quantity"},"payment_status":"pending","payment_id":null,"created_at":"2026-08-07T00:53:38","items":[{"product_id":"d917d10827b14c319b847dbcf325a0e3","product_name":"Arsenal 2003-04 Invincibles Home","product_image":"https://images.unsplash.com/photo-1522778119026-d647f0596c20?w=800","size":"M","qty":-1,"price_at_purchase":189.0}]}
E   assert 200 in (400, 422)
E    +  where 200 = &lt;Response [200]&gt;.status_code</failure></testcase><testcase classname="tests.backend_test.TestInputValidation" name="test_cart_rejects_quantity_above_stock" time="0.150"><failure message="AssertionError: {&quot;items&quot;:[{&quot;product_id&quot;:&quot;d917d10827b14c319b847dbcf325a0e3&quot;,&quot;size&quot;:&quot;M&quot;,&quot;qty&quot;:9,&quot;name&quot;:&quot;Arsenal 2003-04 Invincibles Home&quot;,&quot;image&quot;:&quot;https://images.unsplash.com/photo-1522778119026-d647f0596c20?w=800&quot;,&quot;price&quot;:189.0}],&quot;subtotal&quot;:1701.0}&#10;assert 200 in (400, 422)&#10; +  where 200 = &lt;Response [200]&gt;.status_code">backend/tests/backend_test.py:484: in test_cart_rejects_quantity_above_stock
    assert response.status_code in (400, 422), response.text
E   AssertionError: {"items":[{"product_id":"d917d10827b14c319b847dbcf325a0e3","size":"M","qty":9,"name":"Arsenal 2003-04 Invincibles Home","image":"https://images.unsplash.com/photo-1522778119026-d647f0596c20?w=800","price":189.0}],"subtotal":1701.0}
E   assert 200 in (400, 422)
E    +  where 200 = &lt;Response [200]&gt;.status_code</failure></testcase><testcase classname="tests.backend_test.TestInputValidation" name="test_admin_rejects_negative_product_price" time="0.386"><failure message="AssertionError: {&quot;id&quot;:&quot;edab7cc2284c43b29ecfe91f6b2fe56a&quot;,&quot;name&quot;:&quot;TEST Negative Price 5bdfc3aa&quot;,&quot;slug&quot;:&quot;test-negative-price-5bdfc3aa&quot;,&quot;price&quot;:-10.0,&quot;image&quot;:&quot;&quot;,&quot;images&quot;:[],&quot;description&quot;:&quot;&quot;,&quot;club&quot;:&quot;&quot;,&quot;league&quot;:&quot;&quot;,&quot;era&quot;:&quot;&quot;,&quot;year&quot;:&quot;&quot;,&quot;player&quot;:&quot;&quot;,&quot;tags&quot;:&quot;category:jersey,club:test,color:test&quot;,&quot;stock&quot;:{&quot;M&quot;:1},&quot;rating&quot;:4.9,&quot;reviews_count&quot;:0,&quot;is_active&quot;:true,&quot;is_trending&quot;:false,&quot;historical_campaign&quot;:{}}&#10;assert 200 in (400, 422)&#10; +  where 200 = &lt;Response [200]&gt;.status_code">backend/tests/backend_test.py:505: in test_admin_rejects_negative_product_price
    assert response.status_code in (400, 422), response.text
E   AssertionError: {"id":"edab7cc2284c43b29ecfe91f6b2fe56a","name":"TEST Negative Price 5bdfc3aa","slug":"test-negative-price-5bdfc3aa","price":-10.0,"image":"","images":[],"description":"","club":"","league":"","era":"","year":"","player":"","tags":"category:jersey,club:test,color:test","stock":{"M":1},"rating":4.9,"reviews_count":0,"is_active":true,"is_trending":false,"historical_campaign":{}}
E   assert 200 in (400, 422)
E    +  where 200 = &lt;Response [200]&gt;.status_code</failure></testcase><testcase classname="tests.backend_test.TestInputValidation" name="test_admin_rejects_count_coupon_without_max_uses" time="0.050"><failure message="AssertionError: {&quot;id&quot;:&quot;78ddff347d924fa6aac3ded3e3a08f68&quot;,&quot;code&quot;:&quot;TESTNOMAXD77CE185&quot;,&quot;discount_type&quot;:&quot;percent&quot;,&quot;discount_value&quot;:10.0,&quot;expiry_type&quot;:&quot;count&quot;,&quot;max_uses&quot;:null,&quot;used_count&quot;:0,&quot;valid_from&quot;:null,&quot;valid_until&quot;:null,&quot;min_order_value&quot;:0.0,&quot;is_active&quot;:true}&#10;assert 200 in (400, 422)&#10; +  where 200 = &lt;Response [200]&gt;.status_code">backend/tests/backend_test.py:529: in test_admin_rejects_count_coupon_without_max_uses
    assert response.status_code in (400, 422), response.text
E   AssertionError: {"id":"78ddff347d924fa6aac3ded3e3a08f68","code":"TESTNOMAXD77CE185","discount_type":"percent","discount_value":10.0,"expiry_type":"count","max_uses":null,"used_count":0,"valid_from":null,"valid_until":null,"min_order_value":0.0,"is_active":true}
E   assert 200 in (400, 422)
E    +  where 200 = &lt;Response [200]&gt;.status_code</failure></testcase><testcase classname="tests.backend_test.TestInputValidation" name="test_admin_rejects_percent_discount_over_100" time="0.054"><failure message="AssertionError: {&quot;id&quot;:&quot;8ab11d7469b94b9890ef62d34d5a454b&quot;,&quot;code&quot;:&quot;TESTOVER2730B7C7&quot;,&quot;discount_type&quot;:&quot;percent&quot;,&quot;discount_value&quot;:150.0,&quot;expiry_type&quot;:&quot;count&quot;,&quot;max_uses&quot;:5,&quot;used_count&quot;:0,&quot;valid_from&quot;:null,&quot;valid_until&quot;:null,&quot;min_order_value&quot;:0.0,&quot;is_active&quot;:true}&#10;assert 200 in (400, 422)&#10; +  where 200 = &lt;Response [200]&gt;.status_code">backend/tests/backend_test.py:554: in test_admin_rejects_percent_discount_over_100
    assert response.status_code in (400, 422), response.text
E   AssertionError: {"id":"8ab11d7469b94b9890ef62d34d5a454b","code":"TESTOVER2730B7C7","discount_type":"percent","discount_value":150.0,"expiry_type":"count","max_uses":5,"used_count":0,"valid_from":null,"valid_until":null,"min_order_value":0.0,"is_active":true}
E   assert 200 in (400, 422)
E    +  where 200 = &lt;Response [200]&gt;.status_code</failure></testcase></testsuite></testsuites>